[debug] [2022-10-14T08:32:31.918Z] ----------------------------------------------------------------------
[debug] [2022-10-14T08:32:31.922Z] Command:       D:\Program Files\nodejs\node.exe C:\Users\Lenovo\AppData\Roaming\npm\node_modules\firebase-tools\lib\bin\firebase.js init
[debug] [2022-10-14T08:32:31.923Z] CLI Version:   10.9.2
[debug] [2022-10-14T08:32:31.923Z] Platform:      win32
[debug] [2022-10-14T08:32:31.923Z] Node Version:  v14.16.0
[debug] [2022-10-14T08:32:31.924Z] Time:          Fri Oct 14 2022 14:02:31 GMT+0530 (India Standard Time)
[debug] [2022-10-14T08:32:31.925Z] ----------------------------------------------------------------------
[debug] 
[debug] [2022-10-14T08:32:31.930Z] >>> [apiv2][query] GET https://firebase-public.firebaseio.com/cli.json [none]
[debug] [2022-10-14T08:32:31.976Z] > command requires scopes: ["email","openid","https://www.googleapis.com/auth/cloudplatformprojects.readonly","https://www.googleapis.com/auth/firebase","https://www.googleapis.com/auth/cloud-platform"]
[debug] [2022-10-14T08:32:31.976Z] > authorizing via signed-in user (tanishsharma0209@gmail.com)
[info] 
     ######## #### ########  ######## ########     ###     ######  ########
     ##        ##  ##     ## ##       ##     ##  ##   ##  ##       ##
     ######    ##  ########  ######   ########  #########  ######  ######
     ##        ##  ##    ##  ##       ##     ## ##     ##       ## ##
     ##       #### ##     ## ######## ########  ##     ##  ######  ########

You're about to initialize a Firebase project in this directory:

  D:\VS Code Files\reactsem5

[debug] [2022-10-14T08:32:33.426Z] <<< [apiv2][status] GET https://firebase-public.firebaseio.com/cli.json 200
[debug] [2022-10-14T08:32:33.427Z] <<< [apiv2][body] GET https://firebase-public.firebaseio.com/cli.json {"cloudBuildErrorAfter":1594252800000,"cloudBuildWarnAfter":1590019200000,"defaultNode10After":1594252800000,"minVersion":"3.0.5","node8DeploysDisabledAfter":1613390400000,"node8RuntimeDisabledAfter":1615809600000,"node8WarnAfter":1600128000000}
